Performing C SOURCE FILE Test COMPILER_HAS_THOSE_TOGGLES failed with the following output:
Change Dir: C:/Users/DJ/Documents/GitHub/c-game-template/build/CMakeFiles/CMakeScratch/TryCompile-pxf6bz

Run Build Command(s):C:/Program Files/Microsoft Visual Studio/2022/Community/MSBuild/Current/Bin/amd64/MSBuild.exe cmTC_f83b7.vcxproj /p:Configuration=Debug /p:Platform=x64 /p:VisualStudioVersion=17.0 /v:m && MSBuild version 17.4.0+18d5aef85 for .NET Framework
  Microsoft (R) C/C++ Optimizing Compiler Version 19.34.31933 for x64
  Copyright (C) Microsoft Corporation.  All rights reserved.
  cl /c /Zi /W3 /WX- /diagnostics:column /Od /Ob0 /D _MBCS /D WIN32 /D _WINDOWS /D COMPILER_HAS_THOSE_TOGGLES /D "CMAKE_INTDIR=\"Debug\"" /Gm- /RTC1 /MDd /GS /fp:precise /Zc:wchar_t /Zc:forScope /Zc:inline /Fo"cmTC_f83b7.dir\Debug\\" /Fd"cmTC_f83b7.dir\Debug\vc143.pdb" /external:W3 /Gd /TC /errorReport:queue  -Werror=pointer-arith "C:\Users\DJ\Documents\GitHub\c-game-template\build\CMakeFiles\CMakeScratch\TryCompile-pxf6bz\src.c"
cl : command line  error D8021: invalid numeric argument '/Werror=pointer-arith' [C:\Users\DJ\Documents\GitHub\c-game-template\build\CMakeFiles\CMakeScratch\TryCompile-pxf6bz\cmTC_f83b7.vcxproj]


Source file was:
int main(void) { return 0; }

Performing C SOURCE FILE Test CMAKE_HAVE_LIBC_PTHREAD failed with the following output:
Change Dir: C:/Users/DJ/Documents/GitHub/c-game-template/build/CMakeFiles/CMakeScratch/TryCompile-7l6an3

Run Build Command(s):C:/Program Files/Microsoft Visual Studio/2022/Community/MSBuild/Current/Bin/amd64/MSBuild.exe cmTC_fc870.vcxproj /p:Configuration=Debug /p:Platform=x64 /p:VisualStudioVersion=17.0 /v:m && MSBuild version 17.4.0+18d5aef85 for .NET Framework
  Microsoft (R) C/C++ Optimizing Compiler Version 19.34.31933 for x64
  src.c
  Copyright (C) Microsoft Corporation.  All rights reserved.
  cl /c /Zi /W3 /WX- /diagnostics:column /Od /Ob0 /D _MBCS /D WIN32 /D _WINDOWS /D CMAKE_HAVE_LIBC_PTHREAD /D "CMAKE_INTDIR=\"Debug\"" /Gm- /RTC1 /MDd /GS /fp:precise /Zc:wchar_t /Zc:forScope /Zc:inline /Fo"cmTC_fc870.dir\Debug\\" /Fd"cmTC_fc870.dir\Debug\vc143.pdb" /external:W3 /Gd /TC /errorReport:queue "C:\Users\DJ\Documents\GitHub\c-game-template\build\CMakeFiles\CMakeScratch\TryCompile-7l6an3\src.c"
C:\Users\DJ\Documents\GitHub\c-game-template\build\CMakeFiles\CMakeScratch\TryCompile-7l6an3\src.c(1,10): fatal  error C1083: Cannot open include file: 'pthread.h': No such file or directory [C:\Users\DJ\Documents\GitHub\c-game-template\build\CMakeFiles\CMakeScratch\TryCompile-7l6an3\cmTC_fc870.vcxproj]


Source file was:
#include <pthread.h>

static void* test_func(void* data)
{
  return data;
}

int main(void)
{
  pthread_t thread;
  pthread_create(&thread, NULL, test_func, NULL);
  pthread_detach(thread);
  pthread_cancel(thread);
  pthread_join(thread, NULL);
  pthread_atfork(NULL, NULL, NULL);
  pthread_exit(NULL);

  return 0;
}


Determining if the function pthread_create exists in the pthreads failed with the following output:
Change Dir: C:/Users/DJ/Documents/GitHub/c-game-template/build/CMakeFiles/CMakeScratch/TryCompile-asar4z

Run Build Command(s):C:/Program Files/Microsoft Visual Studio/2022/Community/MSBuild/Current/Bin/amd64/MSBuild.exe cmTC_35647.vcxproj /p:Configuration=Debug /p:Platform=x64 /p:VisualStudioVersion=17.0 /v:m && MSBuild version 17.4.0+18d5aef85 for .NET Framework
  Microsoft (R) C/C++ Optimizing Compiler Version 19.34.31933 for x64
  CheckFunctionExists.c
  Copyright (C) Microsoft Corporation.  All rights reserved.
  cl /c /Zi /W3 /WX- /diagnostics:column /Od /Ob0 /D _MBCS /D WIN32 /D _WINDOWS /D CHECK_FUNCTION_EXISTS=pthread_create /D "CMAKE_INTDIR=\"Debug\"" /Gm- /RTC1 /MDd /GS /fp:precise /Zc:wchar_t /Zc:forScope /Zc:inline /Fo"cmTC_35647.dir\Debug\\" /Fd"cmTC_35647.dir\Debug\vc143.pdb" /external:W3 /Gd /TC /errorReport:queue "C:\Users\DJ\Documents\GitHub\c-game-template\build\CMakeFiles\CMakeScratch\TryCompile-asar4z\CheckFunctionExists.c"
LINK : fatal error LNK1104: cannot open file 'pthreads.lib' [C:\Users\DJ\Documents\GitHub\c-game-template\build\CMakeFiles\CMakeScratch\TryCompile-asar4z\cmTC_35647.vcxproj]



Determining if the function pthread_create exists in the pthread failed with the following output:
Change Dir: C:/Users/DJ/Documents/GitHub/c-game-template/build/CMakeFiles/CMakeScratch/TryCompile-c7wrp7

Run Build Command(s):C:/Program Files/Microsoft Visual Studio/2022/Community/MSBuild/Current/Bin/amd64/MSBuild.exe cmTC_7d812.vcxproj /p:Configuration=Debug /p:Platform=x64 /p:VisualStudioVersion=17.0 /v:m && MSBuild version 17.4.0+18d5aef85 for .NET Framework
  Microsoft (R) C/C++ Optimizing Compiler Version 19.34.31933 for x64
  CheckFunctionExists.c
  Copyright (C) Microsoft Corporation.  All rights reserved.
  cl /c /Zi /W3 /WX- /diagnostics:column /Od /Ob0 /D _MBCS /D WIN32 /D _WINDOWS /D CHECK_FUNCTION_EXISTS=pthread_create /D "CMAKE_INTDIR=\"Debug\"" /Gm- /RTC1 /MDd /GS /fp:precise /Zc:wchar_t /Zc:forScope /Zc:inline /Fo"cmTC_7d812.dir\Debug\\" /Fd"cmTC_7d812.dir\Debug\vc143.pdb" /external:W3 /Gd /TC /errorReport:queue "C:\Users\DJ\Documents\GitHub\c-game-template\build\CMakeFiles\CMakeScratch\TryCompile-c7wrp7\CheckFunctionExists.c"
LINK : fatal error LNK1104: cannot open file 'pthread.lib' [C:\Users\DJ\Documents\GitHub\c-game-template\build\CMakeFiles\CMakeScratch\TryCompile-c7wrp7\cmTC_7d812.vcxproj]



